<?xml version="1.0" encoding="UTF-8"?>
<!-- Generated by org.testng.reporters.JUnitReportReporter -->
<testsuite hostname="DESKTOP-EGJMG0E" name="Com.FaceBook.Tests.LoginTest" tests="1" failures="0" timestamp="20 Nov 2018 06:55:32 GMT" time="72.746" errors="0">
  <testcase name="login" time="72.746" classname="Com.FaceBook.Tests.LoginTest"/>
</testsuite> <!-- Com.FaceBook.Tests.LoginTest -->
