<?xml version="1.0" encoding="UTF-8"?>
<!-- Generated by org.testng.reporters.JUnitReportReporter -->
<testsuite hostname="rajesh" name="Com.FaceBook.Tests.LoginTest" tests="1" failures="0" timestamp="19 Nov 2018 04:25:58 GMT" time="84.381" errors="0">
  <testcase name="login" time="84.381" classname="Com.FaceBook.Tests.LoginTest"/>
</testsuite> <!-- Com.FaceBook.Tests.LoginTest -->
